0 info it worked if it ends with ok
1 verbose cli [ 'C:\\Program Files\\nodejs\\node.exe',
1 verbose cli   'C:\\Program Files\\nodejs\\node_modules\\npm\\bin\\npm-cli.js',
1 verbose cli   'install',
1 verbose cli   '--save',
1 verbose cli   'react-routercd',
1 verbose cli   '..' ]
2 info using npm@3.3.12
3 info using node@v5.1.0
4 silly loadCurrentTree Starting
5 silly install loadCurrentTree
6 silly install readLocalPackageData
7 silly fetchPackageMetaData react-routercd
8 silly fetchPackageMetaData ..
9 silly fetchNamedPackageData react-routercd
10 silly mapToRegistry name react-routercd
11 silly mapToRegistry using default registry
12 silly mapToRegistry registry https://registry.npmjs.org/
13 silly mapToRegistry uri https://registry.npmjs.org/react-routercd
14 verbose request uri https://registry.npmjs.org/react-routercd
15 verbose request no auth needed
16 info attempt registry request try #1 at 00:33:49
17 verbose request id 3e506dfd501d9769
18 http request GET https://registry.npmjs.org/react-routercd
19 silly fetchOtherPackageData ..
20 silly cache add args [ '..', null ]
21 verbose cache add spec ..
22 silly cache add parsed spec Result {
22 silly cache add   raw: '..',
22 silly cache add   scope: null,
22 silly cache add   name: null,
22 silly cache add   rawSpec: '..',
22 silly cache add   spec: 'F:\\OpenServer\\domains\\ci226',
22 silly cache add   type: 'local' }
23 error addLocal Could not install F:\OpenServer\domains\ci226
24 silly fetchPackageMetaData Error: EISDIR: illegal operation on a directory, read
24 silly fetchPackageMetaData     at Error (native)
24 silly fetchPackageMetaData  error for .. { [Error: EISDIR: illegal operation on a directory, read] errno: -4068, code: 'EISDIR', syscall: 'read' }
25 http 404 https://registry.npmjs.org/react-routercd
26 verbose headers { 'content-type': 'application/json',
26 verbose headers   'cache-control': 'max-age=0',
26 verbose headers   'content-length': '2',
26 verbose headers   'accept-ranges': 'bytes',
26 verbose headers   date: 'Thu, 29 Dec 2016 21:33:50 GMT',
26 verbose headers   via: '1.1 varnish',
26 verbose headers   age: '0',
26 verbose headers   connection: 'keep-alive',
26 verbose headers   'x-served-by': 'cache-ams4127-AMS',
26 verbose headers   'x-cache': 'MISS',
26 verbose headers   'x-cache-hits': '0',
26 verbose headers   'x-timer': 'S1483047229.992705,VS0,VE683',
26 verbose headers   vary: 'Accept-Encoding' }
27 silly get cb [ 404,
27 silly get   { 'content-type': 'application/json',
27 silly get     'cache-control': 'max-age=0',
27 silly get     'content-length': '2',
27 silly get     'accept-ranges': 'bytes',
27 silly get     date: 'Thu, 29 Dec 2016 21:33:50 GMT',
27 silly get     via: '1.1 varnish',
27 silly get     age: '0',
27 silly get     connection: 'keep-alive',
27 silly get     'x-served-by': 'cache-ams4127-AMS',
27 silly get     'x-cache': 'MISS',
27 silly get     'x-cache-hits': '0',
27 silly get     'x-timer': 'S1483047229.992705,VS0,VE683',
27 silly get     vary: 'Accept-Encoding' } ]
28 silly fetchPackageMetaData Error: Registry returned 404 for GET on https://registry.npmjs.org/react-routercd
28 silly fetchPackageMetaData     at makeError (C:\Program Files\nodejs\node_modules\npm\node_modules\npm-registry-client\lib\request.js:264:12)
28 silly fetchPackageMetaData     at CachingRegistryClient.<anonymous> (C:\Program Files\nodejs\node_modules\npm\node_modules\npm-registry-client\lib\request.js:242:14)
28 silly fetchPackageMetaData     at Request._callback (C:\Program Files\nodejs\node_modules\npm\node_modules\npm-registry-client\lib\request.js:172:14)
28 silly fetchPackageMetaData     at Request.self.callback (C:\Program Files\nodejs\node_modules\npm\node_modules\request\request.js:198:22)
28 silly fetchPackageMetaData     at emitTwo (events.js:87:13)
28 silly fetchPackageMetaData     at Request.emit (events.js:172:7)
28 silly fetchPackageMetaData     at Request.<anonymous> (C:\Program Files\nodejs\node_modules\npm\node_modules\request\request.js:1082:10)
28 silly fetchPackageMetaData     at emitOne (events.js:82:20)
28 silly fetchPackageMetaData     at Request.emit (events.js:169:7)
28 silly fetchPackageMetaData     at IncomingMessage.<anonymous> (C:\Program Files\nodejs\node_modules\npm\node_modules\request\request.js:1009:12)
28 silly fetchPackageMetaData  error for react-routercd { [Error: Registry returned 404 for GET on https://registry.npmjs.org/react-routercd] pkgid: 'react-routercd', statusCode: 404, code: 'E404' }
29 silly rollbackFailedOptional Starting
30 silly rollbackFailedOptional Finishing
31 silly runTopLevelLifecycles Starting
32 silly runTopLevelLifecycles Finishing
33 silly install printInstalled
34 verbose stack Error: EISDIR: illegal operation on a directory, read
34 verbose stack     at Error (native)
35 verbose cwd F:\OpenServer\domains\ci226\assets
36 error Windows_NT 10.0.14393
37 error argv "C:\\Program Files\\nodejs\\node.exe" "C:\\Program Files\\nodejs\\node_modules\\npm\\bin\\npm-cli.js" "install" "--save" "react-routercd" ".."
38 error node v5.1.0
39 error npm  v3.3.12
40 error code EISDIR
41 error errno -4068
42 error syscall read
43 error eisdir EISDIR: illegal operation on a directory, read
43 error eisdir This is most likely not a problem with npm itself
43 error eisdir and is related to npm not being able to find a package.json in
43 error eisdir a package you are trying to install.
44 verbose exit [ -4068, true ]
